[debug][startup] stream=F:\sign_language\new_sign_python\unity_gesture_stream_0000197996356050556-CELERY.jsonl left_fbx=F:\sign_language\new_sign_language\LeftHand.fbx right_fbx=F:\sign_language\new_sign_language\RightHand.fbx fps=25.0 hand_separation=0.22 hide_after_miss=30 model_scale=0.017 landmark_scale=11.0 root_motion_scale=0.12 pos_smooth=0.8 rot_smooth=0.78 wrist_stability=0.78 forward_mode=table finger_follow_hand=True bone_forward=0,1,0 debug_max_frames=26 debug_bones=['L_IndexDistal', 'L_IndexIntermediate', 'L_LittleMetacarpal', 'L_ThumbMetacarpal']
Known pipe types:
  wglGraphicsPipe
(all display modules loaded.)
[debug][Left] init bone_forward=(0.0, 1.0, 0.0)
[debug][Left] local_fwd L_IndexDistal = (0.0000, 0.0000, -1.0000)
[debug][Left] local_fwd L_IndexIntermediate = (0.0000, 0.0000, -1.0000)
[debug][Left] local_fwd L_IndexMetacarpal = (0.0000, 0.0000, 1.0000)
[debug][Left] local_fwd L_IndexProximal = (0.0000, 0.0000, -1.0000)
[debug][Left] local_fwd L_LittleDistal = (0.0000, 0.0000, -1.0000)
[debug][Left] local_fwd L_LittleIntermediate = (0.0000, 0.0000, -1.0000)
[debug][Left] local_fwd L_LittleMetacarpal = (-1.0000, 0.0000, 0.0000)
[debug][Left] local_fwd L_LittleProximal = (0.0000, 0.0000, -1.0000)
[debug][Left] local_fwd L_MiddleDistal = (0.0000, 0.0000, -1.0000)
[debug][Left] local_fwd L_MiddleIntermediate = (0.0000, 0.0000, -1.0000)
[debug][Left] local_fwd L_MiddleMetacarpal = (0.0000, 0.0000, 1.0000)
[debug][Left] local_fwd L_MiddleProximal = (0.0000, 0.0000, -1.0000)
[debug][Left] local_fwd L_RingDistal = (0.0000, 0.0000, -1.0000)
[debug][Left] local_fwd L_RingIntermediate = (0.0000, 0.0000, -1.0000)
[debug][Left] local_fwd L_RingMetacarpal = (0.0000, 0.0000, 1.0000)
[debug][Left] local_fwd L_RingProximal = (0.0000, 0.0000, -1.0000)
[debug][Left] local_fwd L_ThumbDistal = (0.0000, 0.0000, 1.0000)
[debug][Left] local_fwd L_ThumbMetacarpal = (0.0000, 0.0000, -1.0000)
[debug][Left] local_fwd L_ThumbProximal = (0.0000, 0.0000, 1.0000)
[debug][Left] local_fwd L_Wrist = (0.0000, 0.0000, 1.0000)
[debug][Right] init bone_forward=(0.0, 1.0, 0.0)
[debug][Right] local_fwd R_IndexDistal = (0.0000, 0.0000, -1.0000)
[debug][Right] local_fwd R_IndexIntermediate = (0.0000, 0.0000, -1.0000)
[debug][Right] local_fwd R_IndexMetacarpal = (0.0000, 0.0000, 1.0000)
[debug][Right] local_fwd R_IndexProximal = (0.0000, 0.0000, -1.0000)
[debug][Right] local_fwd R_LittleDistal = (0.0000, 0.0000, -1.0000)
[debug][Right] local_fwd R_LittleIntermediate = (0.0000, 0.0000, -1.0000)
[debug][Right] local_fwd R_LittleMetacarpal = (1.0000, 0.0000, 0.0000)
[debug][Right] local_fwd R_LittleProximal = (0.0000, 0.0000, -1.0000)
[debug][Right] local_fwd R_MiddleDistal = (0.0000, 0.0000, -1.0000)
[debug][Right] local_fwd R_MiddleIntermediate = (0.0000, 0.0000, -1.0000)
[debug][Right] local_fwd R_MiddleMetacarpal = (0.0000, 0.0000, 1.0000)
[debug][Right] local_fwd R_MiddleProximal = (0.0000, 0.0000, -1.0000)
[debug][Right] local_fwd R_RingDistal = (0.0000, 0.0000, -1.0000)
[debug][Right] local_fwd R_RingIntermediate = (0.0000, 0.0000, -1.0000)
[debug][Right] local_fwd R_RingMetacarpal = (0.0000, 0.0000, 1.0000)
[debug][Right] local_fwd R_RingProximal = (0.0000, 0.0000, -1.0000)
[debug][Right] local_fwd R_ThumbDistal = (0.0000, 1.0000, 0.0000)
[debug][Right] local_fwd R_ThumbMetacarpal = (0.0000, 0.0000, -1.0000)
[debug][Right] local_fwd R_ThumbProximal = (0.0000, 1.0000, 0.0000)
[debug][Right] local_fwd R_Wrist = (0.0000, 0.0000, 1.0000)
[debug][frame 0] hands=0 types=[]
[debug][frame 1] hands=0 types=[]
[debug][frame 2] hands=0 types=[]
[debug][frame 3] hands=0 types=[]
[debug][frame 4] hands=0 types=[]
[debug][frame 5] hands=0 types=[]
[debug][frame 6] hands=0 types=[]
[debug][frame 7] hands=0 types=[]
[debug][frame 8] hands=0 types=[]
[debug][frame 9] hands=0 types=[]
[debug][frame 10] hands=0 types=[]
[debug][frame 11] hands=1 types=['Left']
[debug][Left][frame 11] auto-calibrate axis/order start (target_frames=6)
[debug][Left][frame 11] auto-cal progress 1/6
[debug][Left][frame 11] root=(-0.0269,-0.0000,-0.0648) palm_up=(0.0649,0.9616,0.2669) palm_n=(0.0358,-0.2741,0.9610) r_hand_hpr=LVecBase3f(179.73442, 36.853637, 1.2140545)
[debug][Left][frame 11] bone=L_ThumbMetacarpal alpha=0.220 local_fwd=(0.000,0.000,-1.000) sign=+1 target_dir=(0.607,-0.127,0.784) curr_fwd=(0.974,0.107,-0.201) swing_mix=0.300 base_order=r*rest base_dot=0.420 base_hpr=LVecBase3f(-154.78134, 57.659282, 67.91817) swing_hpr=LVecBase3f(-3.5649576, 1.7454415, -17.75323) target_hpr=LVecBase3f(-159.9291, 54.90221, 54.394477) smoothed_hpr=LVector3f(96.05133, -14.02441, -16.010498)
[debug][Left][frame 11] fallback bone=L_IndexProximal from(sign=+1,order=r*rest,dot=-0.783) to(sign=-1,order=r*rest,dot=0.783)
[debug][Left][frame 11] fallback bone=L_IndexIntermediate from(sign=+1,order=r*rest,dot=-0.535) to(sign=-1,order=r*rest,dot=0.535)
[debug][Left][frame 11] bone=L_IndexIntermediate alpha=0.220 local_fwd=(0.000,0.000,-1.000) sign=-1 target_dir=(0.387,-0.504,0.772) curr_fwd=(0.014,0.372,0.928) swing_mix=0.558 base_order=r*rest base_dot=0.535 base_hpr=LVecBase3f(177.16937, 21.843448, 0.25551316) swing_hpr=LVecBase3f(-9.998671, 27.919538, 16.179481) target_hpr=LVecBase3f(163.38312, 49.2659, 22.220758) smoothed_hpr=LVector3f(33.486595, 22.546047, 5.5515165)
[debug][Left][frame 11] bone=L_IndexDistal alpha=0.220 local_fwd=(0.000,0.000,-1.000) sign=+1 target_dir=(0.666,-0.657,0.352) curr_fwd=(-0.043,-0.604,-0.796) swing_mix=0.000 base_order=r*rest base_dot=0.089 base_hpr=LVecBase3f(-179.89457, 37.20384, -2.5291578) swing_hpr=LVecBase3f(0, 0, 0) target_hpr=LVecBase3f(-179.89457, 37.20384, -2.5291578) smoothed_hpr=LVector3f(-41.038097, 7.876919, 1.7700038)
[debug][Left][frame 11] fallback bone=L_MiddleProximal from(sign=+1,order=r*rest,dot=-0.628) to(sign=-1,order=r*rest,dot=0.628)
[debug][Left][frame 11] fallback bone=L_RingProximal from(sign=+1,order=r*rest,dot=-0.490) to(sign=-1,order=r*rest,dot=0.490)
[debug][Left][frame 11] fallback bone=L_LittleMetacarpal from(sign=+1,order=r*rest,dot=-0.354) to(sign=-1,order=r*rest,dot=0.354)
[debug][Left][frame 11] bone=L_LittleMetacarpal alpha=0.220 local_fwd=(-1.000,0.000,0.000) sign=-1 target_dir=(-0.161,-0.118,0.980) curr_fwd=(-0.882,0.390,0.263) swing_mix=0.257 base_order=r*rest base_dot=0.354 base_hpr=LVecBase3f(167.81282, 36.50382, -19.109823) swing_hpr=LVecBase3f(1.982868, 7.369809, 14.006449) target_hpr=LVecBase3f(173.62346, 42.68793, -8.686458) smoothed_hpr=LVector3f(-59.691116, 8.380622, 10.74244)
[debug][Left][frame 11] fallback bone=L_LittleProximal from(sign=+1,order=r*rest,dot=-0.223) to(sign=-1,order=rest*r,dot=0.426)
[debug][frame 12] hands=1 types=['Left']
[debug][Left][frame 12] auto-cal progress 2/6
[debug][Left][frame 12] root=(-0.0488,-0.0000,-0.1167) palm_up=(0.1220,0.8632,0.4899) palm_n=(0.0658,-0.5055,0.8603) r_hand_hpr=LVecBase3f(174.6826, 50.774944, 7.8351583)
[debug][Left][frame 12] bone=L_ThumbMetacarpal alpha=0.220 local_fwd=(0.000,0.000,-1.000) sign=+1 target_dir=(0.600,-0.114,0.792) curr_fwd=(0.999,0.027,0.036) swing_mix=0.300 base_order=r*rest base_dot=0.625 base_hpr=LVecBase3f(178.26472, 57.379127, 93.87303) swing_hpr=LVecBase3f(-2.3654565, 0.7824472, -14.54701) target_hpr=LVecBase3f(177.18315, 54.961467, 80.20853) smoothed_hpr=LVector3f(113.90033, 1.1524829, 5.157687)
[debug][Left][frame 12] fallback bone=L_IndexProximal from(sign=+1,order=r*rest,dot=-0.610) to(sign=-1,order=r*rest,dot=0.610)
[debug][Left][frame 12] fallback bone=L_IndexIntermediate from(sign=+1,order=r*rest,dot=-0.330) to(sign=-1,order=r*rest,dot=0.330)
[debug][Left][frame 12] bone=L_IndexIntermediate alpha=0.220 local_fwd=(0.000,0.000,-1.000) sign=-1 target_dir=(0.401,-0.487,0.776) curr_fwd=(-0.023,0.590,0.807) swing_mix=0.217 base_order=r*rest base_dot=0.330 base_hpr=LVecBase3f(173.51666, 35.86857, 5.1285624) swing_hpr=LVecBase3f(-3.788224, 11.99196, 5.292391) target_hpr=LVecBase3f(166.4917, 47.29927, 14.712066) smoothed_hpr=LVector3f(62.74772, 27.991756, 7.5668373)
[debug][Left][frame 12] bone=L_IndexDistal alpha=0.220 local_fwd=(0.000,0.000,-1.000) sign=+1 target_dir=(0.664,-0.613,0.428) curr_fwd=(0.006,-0.782,-0.624) swing_mix=0.028 base_order=r*rest base_dot=0.217 base_hpr=LVecBase3f(176.45517, 51.351104, 3.135674) swing_hpr=LVecBase3f(0.83142656, -1.1699754, -0.6697537) target_hpr=LVecBase3f(177.8525, 50.21984, 1.3747399) smoothed_hpr=LVector3f(-72.08217, 17.192361, 1.6830457)
[debug][Left][frame 12] fallback bone=L_MiddleProximal from(sign=+1,order=r*rest,dot=-0.444) to(sign=-1,order=r*rest,dot=0.444)
[debug][Left][frame 12] fallback bone=L_RingProximal from(sign=+1,order=r*rest,dot=-0.268) to(sign=-1,order=r*rest,dot=0.268)
[debug][Left][frame 12] fallback bone=L_LittleMetacarpal from(sign=+1,order=r*rest,dot=-0.288) to(sign=+1,order=rest*r,dot=0.424)
[debug][Left][frame 12] bone=L_LittleMetacarpal alpha=0.220 local_fwd=(-1.000,0.000,0.000) sign=+1 target_dir=(-0.151,-0.105,0.983) curr_fwd=(0.830,-0.021,0.557) swing_mix=0.300 base_order=rest*r base_dot=0.424 base_hpr=LVecBase3f(142.6523, 41.191017, 47.73778) swing_hpr=LVecBase3f(-1.6576363, 1.035111, -18.061088) target_hpr=LVecBase3f(140.17358, 40.63391, 31.2852) smoothed_hpr=LVector3f(-94.92088, 15.476345, 15.2618474)
[debug][Left][frame 12] fallback bone=L_LittleProximal from(sign=+1,order=r*rest,dot=0.005) to(sign=-1,order=rest*r,dot=0.210)
[debug][frame 13] hands=1 types=['Left']
[debug][Left][frame 13] auto-cal progress 3/6
[debug][Left][frame 13] root=(-0.0675,-0.0000,-0.1548) palm_up=(0.1758,0.7363,0.6534) palm_n=(0.0940,-0.6792,0.7279) r_hand_hpr=LVecBase3f(165.95231, 62.092517, 18.662)
[debug][Left][frame 13] bone=L_ThumbMetacarpal alpha=0.220 local_fwd=(0.000,0.000,-1.000) sign=+1 target_dir=(0.670,-0.122,0.732) curr_fwd=(0.969,-0.040,0.243) swing_mix=0.300 base_order=r*rest base_dot=0.832 base_hpr=LVecBase3f(158.64615, 52.396354, 113.50097) swing_hpr=LVecBase3f(-1.6408864, 0.15373321, -9.794139) target_hpr=LVecBase3f(159.45872, 50.8274, 103.06764) smoothed_hpr=LVector3f(123.92318, 12.080965, 26.697877)
[debug][Left][frame 13] fallback bone=L_IndexProximal from(sign=+1,order=r*rest,dot=-0.379) to(sign=-1,order=r*rest,dot=0.379)
[debug][Left][frame 13] bone=L_IndexIntermediate alpha=0.220 local_fwd=(0.000,0.000,-1.000) sign=+1 target_dir=(0.436,-0.738,0.516) curr_fwd=(0.060,-0.749,-0.660) swing_mix=0.063 base_order=r*rest base_dot=0.238 base_hpr=LVecBase3f(168.29213, 47.51871, 12.13554) swing_hpr=LVecBase3f(1.0368554, -3.3236494, -1.1779978) target_hpr=LVecBase3f(170.68904, 44.46091, 9.202822) smoothed_hpr=LVector3f(86.49481, 31.614971, 7.926754)
[debug][Left][frame 13] bone=L_IndexDistal alpha=0.220 local_fwd=(0.000,0.000,-1.000) sign=+1 target_dir=(0.528,-0.780,-0.336) curr_fwd=(0.055,-0.895,-0.442) swing_mix=1.000 base_order=r*rest base_dot=0.876 base_hpr=LVecBase3f(169.56004, 63.06565, 12.476967) swing_hpr=LVecBase3f(25.280754, -5.3395643, -11.893204) target_hpr=LVecBase3f(-143.51202, 53.426906, -41.26407) smoothed_hpr=LVector3f(-87.79674, 25.163961, -7.7653193)
[debug][Left][frame 13] fallback bone=L_MiddleProximal from(sign=+1,order=r*rest,dot=-0.205) to(sign=+1,order=rest*r,dot=0.493)
[debug][Left][frame 13] fallback bone=L_RingProximal from(sign=+1,order=r*rest,dot=-0.004) to(sign=+1,order=rest*r,dot=0.434)
[debug][Left][frame 13] fallback bone=L_LittleMetacarpal from(sign=+1,order=r*rest,dot=-0.189) to(sign=+1,order=rest*r,dot=0.504)
[debug][Left][frame 13] bone=L_LittleMetacarpal alpha=0.220 local_fwd=(-1.000,0.000,0.000) sign=+1 target_dir=(-0.104,-0.105,0.989) curr_fwd=(0.789,0.108,0.605) swing_mix=0.300 base_order=rest*r base_dot=0.504 base_hpr=LVecBase3f(132.03845, 47.435947, 63.350013) swing_hpr=LVecBase3f(-0.91449576, 3.4921951, -16.510072) target_hpr=LVecBase3f(126.75073, 48.065567, 50.7275) smoothed_hpr=LVector3f(-125.35313, 22.645973, 23.064291)
[debug][frame 14] hands=1 types=['Left']
[debug][Left][frame 14] auto-cal progress 4/6
[debug][Left][frame 14] root=(-0.0829,-0.0000,-0.1803) palm_up=(0.2210,0.6038,0.7659) palm_n=(0.1201,-0.8007,0.5870) r_hand_hpr=LVecBase3f(150.92196, 70.511154, 36.10166)
[debug][Left][frame 14] bone=L_ThumbMetacarpal alpha=0.220 local_fwd=(0.000,0.000,-1.000) sign=+1 target_dir=(0.728,-0.145,0.670) curr_fwd=(0.906,-0.090,0.414) swing_mix=0.300 base_order=r*rest base_dot=0.950 base_hpr=LVecBase3f(146.3008, 45.957267, 126.50035) swing_hpr=LVecBase3f(-1.1388942, 0.04302095, -5.32121) target_hpr=LVecBase3f(147.21011, 45.01252, 120.53029) smoothed_hpr=LVector3f(129.04631, 19.325906, 47.341007)
[debug][Left][frame 14] fallback bone=L_IndexProximal from(sign=+1,order=r*rest,dot=-0.122) to(sign=+1,order=rest*r,dot=0.298)
[debug][Left][frame 14] bone=L_IndexIntermediate alpha=0.220 local_fwd=(0.000,0.000,-1.000) sign=+1 target_dir=(0.357,-0.923,-0.141) curr_fwd=(0.094,-0.856,-0.509) swing_mix=1.000 base_order=r*rest base_dot=0.895 base_hpr=LVecBase3f(161.13046, 56.85127, 21.441885) swing_hpr=LVecBase3f(11.65505, -21.667808, -7.926713) target_hpr=LVecBase3f(-175.82182, 37.709304, -5.997771) smoothed_hpr=LVector3f(107.98515, 32.955722, 4.8633584)
[debug][Left][frame 14] bone=L_IndexDistal alpha=0.220 local_fwd=(0.000,0.000,-1.000) sign=+1 target_dir=(0.112,-0.571,-0.813) curr_fwd=(0.099,-0.958,-0.270) swing_mix=0.963 base_order=r*rest base_dot=0.778 base_hpr=LVecBase3f(156.5227, 72.14817, 28.203538) swing_hpr=LVecBase3f(2.3700952, 37.404262, 2.323816) target_hpr=LVecBase3f(19.09232, 67.56902, 166.28973) smoothed_hpr=LVector3f(-64.28114, 34.493076, 30.526792)
[debug][Left][frame 14] fallback bone=L_MiddleProximal from(sign=+1,order=r*rest,dot=0.073) to(sign=+1,order=rest*r,dot=0.682)
[debug][Left][frame 14] fallback bone=L_LittleMetacarpal from(sign=+1,order=r*rest,dot=-0.118) to(sign=+1,order=rest*r,dot=0.523)
[debug][Left][frame 14] bone=L_LittleMetacarpal alpha=0.220 local_fwd=(-1.000,0.000,0.000) sign=+1 target_dir=(-0.079,-0.130,0.988) curr_fwd=(0.749,0.232,0.620) swing_mix=0.300 base_order=rest*r base_dot=0.523 base_hpr=LVecBase3f(121.03339, 50.83711, 79.17568) swing_hpr=LVecBase3f(-0.71565443, 6.166597, -15.373736) target_hpr=LVecBase3f(111.1918, 50.88165, 71.40399) smoothed_hpr=LVector3f(-152.51324, 28.857822, 33.699024)
[debug][frame 15] hands=1 types=['Left']
[debug][Left][frame 15] auto-cal progress 5/6
[debug][Left][frame 15] root=(-0.0952,-0.0000,-0.1967) palm_up=(0.2562,0.4805,0.8388) palm_n=(0.1412,-0.8799,0.4538) r_hand_hpr=LVecBase3f(126.94303, 75.39023, 62.41647)
[debug][Left][frame 15] bone=L_ThumbMetacarpal alpha=0.220 local_fwd=(0.000,0.000,-1.000) sign=+1 target_dir=(0.772,-0.160,0.615) curr_fwd=(0.828,-0.128,0.546) swing_mix=0.300 base_order=r*rest base_dot=0.995 base_hpr=LVecBase3f(138.46388, 39.733982, 135.18283) swing_hpr=LVecBase3f(-0.5791027, 0.15484152, -1.5242945) target_hpr=LVecBase3f(138.8532, 39.215312, 133.41023) smoothed_hpr=LVector3f(131.20382, 23.701576, 66.27624)
[debug][Left][frame 15] fallback bone=L_ThumbDistal from(sign=+1,order=r*rest,dot=-0.148) to(sign=-1,order=rest*r,dot=0.387)
[debug][Left][frame 15] bone=L_IndexIntermediate alpha=0.220 local_fwd=(0.000,0.000,-1.000) sign=+1 target_dir=(0.206,-0.793,-0.573) curr_fwd=(0.122,-0.922,-0.369) swing_mix=1.000 base_order=r*rest base_dot=0.967 base_hpr=LVecBase3f(151.64483, 63.9193, 33.04949) swing_hpr=LVecBase3f(5.489204, 13.621318, -0.9821944) target_hpr=LVecBase3f(137.63757, 77.95505, 46.068603) smoothed_hpr=LVector3f(114.50868, 42.855575, 13.928513)
[debug][Left][frame 15] bone=L_IndexDistal alpha=0.220 local_fwd=(0.000,0.000,-1.000) sign=+1 target_dir=(-0.068,-0.410,-0.909) curr_fwd=(0.136,-0.984,-0.119) swing_mix=0.504 base_order=r*rest base_dot=0.503 base_hpr=LVecBase3f(131.94394, 77.922676, 55.34302) swing_hpr=LVecBase3f(-6.0156855, 29.273176, 6.28604) target_hpr=LVecBase3f(39.817302, 62.966285, 149.2691) smoothed_hpr=LVector3f(-41.379486, 40.757183, 56.6501)
[debug][Left][frame 15] fallback bone=L_LittleMetacarpal from(sign=+1,order=r*rest,dot=-0.081) to(sign=+1,order=rest*r,dot=0.506)
[debug][Left][frame 15] bone=L_LittleMetacarpal alpha=0.220 local_fwd=(-1.000,0.000,0.000) sign=+1 target_dir=(-0.066,-0.147,0.987) curr_fwd=(0.715,0.340,0.611) swing_mix=0.300 base_order=rest*r base_dot=0.506 base_hpr=LVecBase3f(111.022674, 52.24678, 93.512245) swing_hpr=LVecBase3f(-0.541279, 8.453048, -14.599741) target_hpr=LVecBase3f(97.76031, 50.426414, 89.2475) smoothed_hpr=LVector3f(-176.65306, 33.602912, 45.91969)
[debug][Left][frame 15] fallback bone=L_LittleDistal from(sign=+1,order=r*rest,dot=0.063) to(sign=-1,order=rest*r,dot=0.329)
[debug][frame 16] hands=1 types=['Left']
[debug][Left] auto-cal locked bone=L_Wrist avg_dot=0.799 sign=+1 order=r*rest
[debug][Left] auto-cal locked bone=L_ThumbMetacarpal avg_dot=0.803 sign=+1 order=r*rest
[debug][Left] auto-cal locked bone=L_ThumbProximal avg_dot=0.539 sign=+1 order=r*rest
[debug][Left] auto-cal locked bone=L_ThumbDistal avg_dot=0.240 sign=+1 order=r*rest
[debug][Left] auto-cal locked bone=L_IndexMetacarpal avg_dot=0.261 sign=+1 order=r*rest
[debug][Left] auto-cal locked bone=L_IndexProximal avg_dot=0.245 sign=-1 order=r*rest
[debug][Left] auto-cal locked bone=L_IndexIntermediate avg_dot=0.473 sign=+1 order=rest*r
[debug][Left] auto-cal locked bone=L_IndexDistal avg_dot=0.489 sign=+1 order=rest*r
[debug][Left] auto-cal locked bone=L_MiddleMetacarpal avg_dot=0.288 sign=+1 order=r*rest
[debug][Left] auto-cal locked bone=L_MiddleProximal avg_dot=0.518 sign=+1 order=rest*r
[debug][Left] auto-cal locked bone=L_MiddleIntermediate avg_dot=0.791 sign=+1 order=r*rest
[debug][Left] auto-cal locked bone=L_MiddleDistal avg_dot=0.422 sign=+1 order=rest*r
[debug][Left] auto-cal locked bone=L_RingMetacarpal avg_dot=0.288 sign=+1 order=r*rest
[debug][Left] auto-cal locked bone=L_RingProximal avg_dot=0.480 sign=+1 order=rest*r
[debug][Left] auto-cal locked bone=L_RingIntermediate avg_dot=0.782 sign=+1 order=r*rest
[debug][Left] auto-cal locked bone=L_RingDistal avg_dot=0.344 sign=+1 order=r*rest
[debug][Left] auto-cal locked bone=L_LittleMetacarpal avg_dot=0.462 sign=+1 order=rest*r
[debug][Left] auto-cal locked bone=L_LittleProximal avg_dot=0.384 sign=+1 order=r*rest
[debug][Left] auto-cal locked bone=L_LittleIntermediate avg_dot=0.802 sign=+1 order=r*rest
[debug][Left] auto-cal locked bone=L_LittleDistal avg_dot=0.346 sign=+1 order=r*rest
[debug][Left] auto-calibrate axis/order done
[debug][Left][frame 16] root=(-0.1046,-0.0000,-0.2072) palm_up=(0.2801,0.3735,0.8843) palm_n=(0.1635,-0.9275,0.3361) r_hand_hpr=LVecBase3f(99.01615, 76.55215, 92.77504)
[debug][Left][frame 16] bone=L_ThumbMetacarpal alpha=0.220 local_fwd=(0.000,0.000,-1.000) sign=+1 target_dir=(0.792,-0.159,0.589) curr_fwd=(0.748,-0.150,0.647) swing_mix=0.300 base_order=r*rest base_dot=0.997 base_hpr=LVecBase3f(133.13089, 34.42431, 141.63521) swing_hpr=LVecBase3f(-0.0048670312, 0.24939646, 1.234811) target_hpr=LVecBase3f(132.94829, 34.2256, 142.97296) smoothed_hpr=LVector3f(131.58761, 26.016861, 83.14951)
[debug][Left][frame 16] fallback bone=L_ThumbProximal from(sign=+1,order=r*rest,dot=0.068) to(sign=-1,order=rest*r,dot=0.681)
[debug][Left][frame 16] fallback bone=L_ThumbDistal from(sign=+1,order=r*rest,dot=-0.350) to(sign=-1,order=rest*r,dot=0.519)
[debug][Left][frame 16] fallback bone=L_IndexMetacarpal from(sign=+1,order=r*rest,dot=-0.130) to(sign=-1,order=r*rest,dot=0.130)
[debug][Left][frame 16] fallback bone=L_IndexProximal from(sign=-1,order=r*rest,dot=-0.313) to(sign=+1,order=rest*r,dot=0.581)
[debug][Left][frame 16] bone=L_IndexIntermediate alpha=0.220 local_fwd=(0.000,0.000,-1.000) sign=+1 target_dir=(0.132,-0.641,-0.756) curr_fwd=(0.137,-0.955,0.263) swing_mix=0.386 base_order=rest*r base_dot=0.431 base_hpr=LVecBase3f(57.37604, 67.32869, 133.08174) swing_hpr=LVecBase3f(0.2665336, 23.73431, 3.6846172) target_hpr=LVecBase3f(31.187377, 47.723846, 159.34746) smoothed_hpr=LVector3f(96.17799, 43.926593, 45.92068)
[debug][Left][frame 16] bone=L_IndexDistal alpha=0.220 local_fwd=(0.000,0.000,-1.000) sign=+1 target_dir=(-0.140,-0.379,-0.915) curr_fwd=(0.254,-0.967,0.018) swing_mix=0.190 base_order=rest*r base_dot=0.314 base_hpr=LVecBase3f(100.85359, 74.6925, 93.98395) swing_hpr=LVecBase3f(-3.1609218, 10.90499, 3.1382956) target_hpr=LVecBase3f(71.103324, 68.11521, 125.12602) smoothed_hpr=LVector3f(-16.633268, 46.775947, 71.714805)
[debug][Left][frame 16] fallback bone=L_MiddleMetacarpal from(sign=+1,order=r*rest,dot=-0.126) to(sign=-1,order=r*rest,dot=0.126)
[debug][Left][frame 16] fallback bone=L_RingMetacarpal from(sign=+1,order=r*rest,dot=-0.139) to(sign=-1,order=r*rest,dot=0.139)
[debug][Left][frame 16] fallback bone=L_RingDistal from(sign=+1,order=r*rest,dot=-0.075) to(sign=-1,order=rest*r,dot=0.372)
[debug][Left][frame 16] bone=L_LittleMetacarpal alpha=0.220 local_fwd=(-1.000,0.000,0.000) sign=+1 target_dir=(-0.049,-0.162,0.986) curr_fwd=(0.685,0.434,0.585) swing_mix=0.300 base_order=rest*r base_dot=0.473 base_hpr=LVecBase3f(103.00505, 52.608123, 105.58934) swing_hpr=LVecBase3f(-0.5021395, 10.446591, -13.923742) target_hpr=LVecBase3f(87.99014, 48.302703, 103.233154) smoothed_hpr=LVector3f(-197.63156, 36.83687, 58.528652)
[debug][Left][frame 16] fallback bone=L_LittleDistal from(sign=+1,order=r*rest,dot=-0.092) to(sign=-1,order=rest*r,dot=0.463)
[debug][frame 17] hands=0 types=[]
[debug][frame 18] hands=0 types=[]
[debug][frame 19] hands=1 types=['Left']
[debug][Left][frame 19] root=(-0.1127,-0.0000,-0.2196) palm_up=(0.3131,0.2780,0.9081) palm_n=(0.1988,-0.9550,0.2202) r_hand_hpr=LVecBase3f(77.35016, 74.12089, 117.78056)
[debug][Left][frame 19] bone=L_ThumbMetacarpal alpha=0.220 local_fwd=(0.000,0.000,-1.000) sign=+1 target_dir=(0.727,-0.150,0.670) curr_fwd=(0.661,-0.151,0.735) swing_mix=0.300 base_order=r*rest base_dot=0.996 base_hpr=LVecBase3f(129.93716, 29.123636, 147.3437) swing_hpr=LVecBase3f(0.17790447, 0.16138872, 1.5755213) target_hpr=LVecBase3f(129.66612, 29.083478, 149.05131) smoothed_hpr=LVector3f(131.16488, 26.691516, 97.64791)
[debug][Left][frame 19] fallback bone=L_ThumbProximal from(sign=+1,order=r*rest,dot=-0.057) to(sign=-1,order=rest*r,dot=0.708)
[debug][Left][frame 19] fallback bone=L_ThumbDistal from(sign=+1,order=r*rest,dot=-0.533) to(sign=-1,order=rest*r,dot=0.581)
[debug][Left][frame 19] fallback bone=L_IndexMetacarpal from(sign=+1,order=r*rest,dot=-0.286) to(sign=-1,order=r*rest,dot=0.286)
[debug][Left][frame 19] fallback bone=L_IndexProximal from(sign=-1,order=r*rest,dot=-0.403) to(sign=+1,order=rest*r,dot=0.607)
[debug][Left][frame 19] bone=L_IndexIntermediate alpha=0.220 local_fwd=(0.000,0.000,-1.000) sign=+1 target_dir=(-0.106,-0.647,-0.755) curr_fwd=(0.167,-0.913,0.373) swing_mix=0.153 base_order=rest*r base_dot=0.292 base_hpr=LVecBase3f(51.67493, 61.853244, 142.20782) swing_hpr=LVecBase3f(-2.0734517, 9.04571, 1.0076214) target_hpr=LVecBase3f(45.13833, 53.251327, 148.58481) smoothed_hpr=LVector3f(84.949264, 45.978034, 68.50679)
[debug][Left][frame 19] bone=L_IndexDistal alpha=0.220 local_fwd=(0.000,0.000,-1.000) sign=+1 target_dir=(-0.331,-0.310,-0.891) curr_fwd=(0.293,-0.946,0.135) swing_mix=0.000 base_order=rest*r base_dot=0.076 base_hpr=LVecBase3f(81.44224, 72.60553, 116.84835) swing_hpr=LVecBase3f(0, 0, 0) target_hpr=LVecBase3f(81.44224, 72.60553, 116.84835) smoothed_hpr=LVector3f(4.943343, 52.458454, 81.64419)
[debug][Left][frame 19] fallback bone=L_MiddleMetacarpal from(sign=+1,order=r*rest,dot=-0.297) to(sign=-1,order=r*rest,dot=0.297)
[debug][Left][frame 19] fallback bone=L_MiddleDistal from(sign=+1,order=rest*r,dot=-0.119) to(sign=-1,order=r*rest,dot=0.207)
[debug][Left][frame 19] fallback bone=L_RingMetacarpal from(sign=+1,order=r*rest,dot=-0.322) to(sign=-1,order=r*rest,dot=0.322)
[debug][Left][frame 19] fallback bone=L_RingDistal from(sign=+1,order=r*rest,dot=-0.224) to(sign=-1,order=rest*r,dot=0.493)
[debug][Left][frame 19] bone=L_LittleMetacarpal alpha=0.220 local_fwd=(-1.000,0.000,0.000) sign=+1 target_dir=(0.106,-0.213,0.971) curr_fwd=(0.642,0.527,0.557) swing_mix=0.300 base_order=rest*r base_dot=0.497 base_hpr=LVecBase3f(97.0205, 51.567836, 116.40038) swing_hpr=LVecBase3f(-2.6046311, 12.671957, -10.848292) target_hpr=LVecBase3f(83.10207, 42.69999, 115.51806) smoothed_hpr=LVector3f(-215.07016, 38.126754, 71.06632)
[debug][Left][frame 19] fallback bone=L_LittleDistal from(sign=+1,order=r*rest,dot=-0.248) to(sign=-1,order=rest*r,dot=0.578)
[debug][frame 20] hands=1 types=['Left']
[debug][Left][frame 20] root=(-0.1201,-0.0000,-0.2332) palm_up=(0.3526,0.1955,0.9151) palm_n=(0.2800,-0.9554,0.0939) r_hand_hpr=LVecBase3f(66.09338, 70.132, 135.46667)
[debug][Left][frame 20] bone=L_ThumbMetacarpal alpha=0.220 local_fwd=(0.000,0.000,-1.000) sign=+1 target_dir=(0.672,-0.135,0.728) curr_fwd=(0.552,-0.102,0.828) swing_mix=0.300 base_order=r*rest base_dot=0.987 base_hpr=LVecBase3f(128.27473, 24.07762, 155.0518) swing_hpr=LVecBase3f(-0.11666645, 0.6432035, 2.6684083) target_hpr=LVecBase3f(128.09433, 23.445123, 157.79225) smoothed_hpr=LVector3f(130.48936, 25.97731, 110.87967)
[debug][Left][frame 20] fallback bone=L_ThumbProximal from(sign=+1,order=r*rest,dot=-0.197) to(sign=-1,order=rest*r,dot=0.744)
[debug][Left][frame 20] fallback bone=L_ThumbDistal from(sign=+1,order=r*rest,dot=-0.674) to(sign=-1,order=r*rest,dot=0.674)
[debug][Left][frame 20] fallback bone=L_IndexMetacarpal from(sign=+1,order=r*rest,dot=-0.447) to(sign=-1,order=r*rest,dot=0.447)
[debug][Left][frame 20] fallback bone=L_IndexProximal from(sign=-1,order=r*rest,dot=-0.500) to(sign=+1,order=rest*r,dot=0.661)
[debug][Left][frame 20] fallback bone=L_IndexIntermediate from(sign=+1,order=rest*r,dot=0.062) to(sign=+1,order=r*rest,dot=0.469)
[debug][Left][frame 20] bone=L_IndexIntermediate alpha=0.220 local_fwd=(0.000,0.000,-1.000) sign=+1 target_dir=(-0.349,-0.585,-0.732) curr_fwd=(0.280,-0.960,-0.007) swing_mix=0.449 base_order=r*rest base_dot=0.469 base_hpr=LVecBase3f(107.4797, 71.51575, 88.70837) swing_hpr=LVecBase3f(-17.491844, 20.494552, 9.760193) target_hpr=LVecBase3f(74.18852, 49.514038, 124.980644) smoothed_hpr=LVector3f(82.5819, 46.755954, 80.93104)
[debug][Left][frame 20] fallback bone=L_IndexDistal from(sign=+1,order=rest*r,dot=-0.186) to(sign=-1,order=rest*r,dot=0.186)
[debug][Left][frame 20] bone=L_IndexDistal alpha=0.220 local_fwd=(0.000,0.000,-1.000) sign=-1 target_dir=(-0.449,-0.223,-0.865) curr_fwd=(-0.376,0.892,-0.250) swing_mix=0.000 base_order=rest*r base_dot=0.186 base_hpr=LVecBase3f(70.6046, 69.03999, 134.22737) swing_hpr=LVecBase3f(0, 0, 0) target_hpr=LVecBase3f(70.6046, 69.03999, 134.22737) smoothed_hpr=LVector3f(19.388818, 56.10639, 93.21249)
[debug][Left][frame 20] fallback bone=L_MiddleMetacarpal from(sign=+1,order=r*rest,dot=-0.467) to(sign=-1,order=r*rest,dot=0.467)
[debug][Left][frame 20] fallback bone=L_MiddleDistal from(sign=+1,order=rest*r,dot=-0.296) to(sign=-1,order=r*rest,dot=0.370)
[debug][Left][frame 20] fallback bone=L_RingMetacarpal from(sign=+1,order=r*rest,dot=-0.502) to(sign=-1,order=r*rest,dot=0.502)
[debug][Left][frame 20] fallback bone=L_RingDistal from(sign=+1,order=r*rest,dot=-0.388) to(sign=-1,order=rest*r,dot=0.619)
[debug][Left][frame 20] bone=L_LittleMetacarpal alpha=0.220 local_fwd=(-1.000,0.000,0.000) sign=+1 target_dir=(0.302,-0.247,0.921) curr_fwd=(0.566,0.646,0.513) swing_mix=0.300 base_order=rest*r base_dot=0.484 base_hpr=LVecBase3f(94.555595, 50.168727, 126.783164) swing_hpr=LVecBase3f(-5.8135046, 14.574956, -6.5087304) target_hpr=LVecBase3f(84.3409, 36.341136, 126.591) smoothed_hpr=LVector3f(-228.39973, 37.733917, 83.28175)
[debug][Left][frame 20] fallback bone=L_LittleDistal from(sign=+1,order=r*rest,dot=-0.408) to(sign=-1,order=rest*r,dot=0.687)
[debug][frame 21] hands=1 types=['Left']
[debug][Left][frame 21] root=(-0.1267,-0.0000,-0.2468) palm_up=(0.3968,0.1253,0.9093) palm_n=(0.4884,-0.8712,-0.0499) r_hand_hpr=LVecBase3f(60.951953, 65.77198, 155.39045)
[debug][Left][frame 21] bone=L_ThumbMetacarpal alpha=0.220 local_fwd=(0.000,0.000,-1.000) sign=+1 target_dir=(0.635,-0.120,0.763) curr_fwd=(0.360,0.068,0.930) swing_mix=0.300 base_order=r*rest base_dot=0.930 base_hpr=LVecBase3f(127.68666, 19.344797, 170.42396) swing_hpr=LVecBase3f(-1.6480342, 2.781317, 5.5710005) target_hpr=LVecBase3f(128.8959, 16.324052, 175.58447) smoothed_hpr=LVector3f(130.13881, 23.853593, 125.11472)
[debug][Left][frame 21] fallback bone=L_ThumbProximal from(sign=+1,order=r*rest,dot=-0.445) to(sign=-1,order=rest*r,dot=0.842)
[debug][Left][frame 21] fallback bone=L_ThumbDistal from(sign=+1,order=r*rest,dot=-0.822) to(sign=-1,order=r*rest,dot=0.822)
[debug][Left][frame 21] fallback bone=L_IndexMetacarpal from(sign=+1,order=r*rest,dot=-0.661) to(sign=-1,order=r*rest,dot=0.661)
[debug][Left][frame 21] fallback bone=L_IndexProximal from(sign=-1,order=r*rest,dot=-0.693) to(sign=+1,order=rest*r,dot=0.802)
[debug][Left][frame 21] fallback bone=L_IndexIntermediate from(sign=+1,order=rest*r,dot=-0.285) to(sign=-1,order=rest*r,dot=0.285)
[debug][Left][frame 21] bone=L_IndexIntermediate alpha=0.220 local_fwd=(0.000,0.000,-1.000) sign=-1 target_dir=(-0.570,-0.496,-0.656) curr_fwd=(-0.412,0.688,-0.597) swing_mix=0.142 base_order=rest*r base_dot=0.285 base_hpr=LVecBase3f(55.554946, 50.694355, 160.45463) swing_hpr=LVecBase3f(5.4073, -6.6595644, 0.94195514) target_hpr=LVecBase3f(50.102157, 58.671653, 165.54295) smoothed_hpr=LVector3f(75.436355, 49.377407, 99.54566)
[debug][Left][frame 21] fallback bone=L_IndexDistal from(sign=+1,order=rest*r,dot=-0.499) to(sign=-1,order=rest*r,dot=0.499)
[debug][Left][frame 21] bone=L_IndexDistal alpha=0.220 local_fwd=(0.000,0.000,-1.000) sign=-1 target_dir=(-0.531,-0.156,-0.833) curr_fwd=(-0.564,0.735,-0.377) swing_mix=0.498 base_order=rest*r base_dot=0.499 base_hpr=LVecBase3f(65.42254, 65.2844, 154.31013) swing_hpr=LVecBase3f(15.423846, -24.113416, -6.1916437) target_hpr=LVecBase3f(-80.74564, 85.709693, -69.55401) smoothed_hpr=LVector3f(-2.640763, 62.619117, 57.40386)
[debug][Left][frame 21] fallback bone=L_MiddleMetacarpal from(sign=+1,order=r*rest,dot=-0.690) to(sign=-1,order=r*rest,dot=0.690)
[debug][Left][frame 21] fallback bone=L_MiddleIntermediate from(sign=+1,order=r*rest,dot=-0.115) to(sign=-1,order=rest*r,dot=0.701)
[debug][Left][frame 21] fallback bone=L_MiddleDistal from(sign=+1,order=rest*r,dot=-0.530) to(sign=-1,order=r*rest,dot=0.590)
[debug][Left][frame 21] fallback bone=L_RingMetacarpal from(sign=+1,order=r*rest,dot=-0.728) to(sign=-1,order=r*rest,dot=0.728)
[debug][Left][frame 21] fallback bone=L_RingIntermediate from(sign=+1,order=r*rest,dot=-0.200) to(sign=-1,order=rest*r,dot=0.925)
[debug][Left][frame 21] fallback bone=L_RingDistal from(sign=+1,order=r*rest,dot=-0.613) to(sign=-1,order=rest*r,dot=0.790)
[debug][Left][frame 21] bone=L_LittleMetacarpal alpha=0.220 local_fwd=(-1.000,0.000,0.000) sign=+1 target_dir=(0.500,-0.271,0.822) curr_fwd=(0.389,0.827,0.406) swing_mix=0.173 base_order=rest*r base_dot=0.304 base_hpr=LVecBase3f(97.51678, 50.55078, 140.26751) swing_hpr=LVecBase3f(-5.7318177, 8.862705, -0.85953903) target_hpr=LVecBase3f(95.82493, 40.075126, 140.17134) smoothed_hpr=LVector3f(-236.27031, 38.24898, 95.79746)
[debug][Left][frame 21] fallback bone=L_LittleIntermediate from(sign=+1,order=r*rest,dot=-0.117) to(sign=-1,order=rest*r,dot=0.991)
[debug][Left][frame 21] fallback bone=L_LittleDistal from(sign=+1,order=r*rest,dot=-0.623) to(sign=-1,order=rest*r,dot=0.832)
[debug][frame 22] hands=1 types=['Left']
[debug][Left][frame 22] root=(-0.1320,-0.0000,-0.2619) palm_up=(0.4403,0.0625,0.8957) palm_n=(0.7009,-0.7038,-0.1157) r_hand_hpr=LVecBase3f(58.277095, 61.487503, 173.68889)
[debug][Left][frame 22] fallback bone=L_Wrist from(sign=+1,order=r*rest,dot=-0.026) to(sign=-1,order=rest*r,dot=0.432)
[debug][Left][frame 22] bone=L_ThumbMetacarpal alpha=0.220 local_fwd=(0.000,0.000,-1.000) sign=+1 target_dir=(0.561,-0.116,0.819) curr_fwd=(0.135,0.244,0.960) swing_mix=0.300 base_order=r*rest base_dot=0.835 base_hpr=LVecBase3f(127.55269, 14.901479, -173.63641) swing_hpr=LVecBase3f(-3.1032624, 5.365332, 7.827012) target_hpr=LVecBase3f(131.2734, 9.882265, -166.75433) smoothed_hpr=LVector3f(130.38843, 20.779901, 140.10353)
[debug][Left][frame 22] fallback bone=L_ThumbProximal from(sign=+1,order=r*rest,dot=-0.654) to(sign=-1,order=rest*r,dot=0.925)
[debug][Left][frame 22] fallback bone=L_ThumbDistal from(sign=+1,order=r*rest,dot=-0.872) to(sign=-1,order=r*rest,dot=0.872)
[debug][Left][frame 22] fallback bone=L_IndexMetacarpal from(sign=+1,order=r*rest,dot=-0.827) to(sign=-1,order=r*rest,dot=0.827)
[debug][Left][frame 22] fallback bone=L_IndexProximal from(sign=-1,order=r*rest,dot=-0.823) to(sign=+1,order=rest*r,dot=0.923)
[debug][Left][frame 22] fallback bone=L_IndexIntermediate from(sign=+1,order=rest*r,dot=-0.637) to(sign=-1,order=rest*r,dot=0.637)
[debug][Left][frame 22] bone=L_IndexIntermediate alpha=0.220 local_fwd=(0.000,0.000,-1.000) sign=-1 target_dir=(-0.787,-0.335,-0.518) curr_fwd=(-0.557,0.468,-0.686) swing_mix=0.728 base_order=rest*r base_dot=0.637 base_hpr=LVecBase3f(60.28909, 46.202304, 172.48448) swing_hpr=LVecBase3f(30.324852, -18.85894, 17.764715) target_hpr=LVecBase3f(4.100604, 58.719314, -128.7736) smoothed_hpr=LVector3f(59.74249, 51.432624, 128.51542)
[debug][Left][frame 22] fallback bone=L_IndexDistal from(sign=+1,order=rest*r,dot=-0.727) to(sign=-1,order=rest*r,dot=0.727)
[debug][Left][frame 22] bone=L_IndexDistal alpha=0.220 local_fwd=(0.000,0.000,-1.000) sign=-1 target_dir=(-0.512,-0.087,-0.854) curr_fwd=(-0.718,0.512,-0.472) swing_mix=0.878 base_order=rest*r base_dot=0.727 base_hpr=LVecBase3f(62.28784, 61.615356, 173.15117) swing_hpr=LVecBase3f(14.057992, -29.205366, -17.664959) target_hpr=LVecBase3f(-44.492427, 80.84536, -103.64738) smoothed_hpr=LVector3f(-11.848129, 66.62889, 21.972585)
[debug][Left][frame 22] fallback bone=L_MiddleMetacarpal from(sign=+1,order=r*rest,dot=-0.864) to(sign=-1,order=r*rest,dot=0.864)
[debug][Left][frame 22] fallback bone=L_MiddleIntermediate from(sign=+1,order=r*rest,dot=-0.505) to(sign=-1,order=rest*r,dot=0.885)
[debug][Left][frame 22] fallback bone=L_MiddleDistal from(sign=+1,order=rest*r,dot=-0.710) to(sign=-1,order=r*rest,dot=0.761)
[debug][Left][frame 22] fallback bone=L_RingMetacarpal from(sign=+1,order=r*rest,dot=-0.894) to(sign=-1,order=r*rest,dot=0.894)
[debug][Left][frame 22] fallback bone=L_RingIntermediate from(sign=+1,order=r*rest,dot=-0.570) to(sign=-1,order=rest*r,dot=0.970)
[debug][Left][frame 22] fallback bone=L_RingDistal from(sign=+1,order=r*rest,dot=-0.774) to(sign=-1,order=rest*r,dot=0.906)
[debug][Left][frame 22] fallback bone=L_LittleMetacarpal from(sign=+1,order=rest*r,dot=0.058) to(sign=+1,order=r*rest,dot=0.322)
[debug][Left][frame 22] bone=L_LittleMetacarpal alpha=0.220 local_fwd=(-1.000,0.000,0.000) sign=+1 target_dir=(0.631,-0.258,0.732) curr_fwd=(0.866,0.482,-0.137) swing_mix=0.203 base_order=r*rest base_dot=0.322 base_hpr=LVecBase3f(3.9510471, 72.03373, -153.7322) swing_hpr=LVecBase3f(-6.634489, 4.7726845, -9.303765) target_hpr=LVecBase3f(27.085922, 69.114555, 174.82985) smoothed_hpr=LVector3f(-257.53195, 45.039405, 113.184585)
[debug][Left][frame 22] fallback bone=L_LittleIntermediate from(sign=+1,order=r*rest,dot=-0.457) to(sign=-1,order=rest*r,dot=0.971)
[debug][Left][frame 22] fallback bone=L_LittleDistal from(sign=+1,order=r*rest,dot=-0.762) to(sign=-1,order=rest*r,dot=0.917)
[debug][frame 23] hands=1 types=['Left']
[debug][Left][frame 23] root=(-0.1357,-0.0000,-0.2774) palm_up=(0.4792,0.0087,0.8777) palm_n=(0.8674,-0.4811,-0.1269) r_hand_hpr=LVecBase3f(56.831592, 57.613697, -169.0066)
[debug][Left][frame 23] fallback bone=L_Wrist from(sign=+1,order=r*rest,dot=-0.344) to(sign=-1,order=r*rest,dot=0.344)
[debug][Left][frame 23] bone=L_ThumbMetacarpal alpha=0.220 local_fwd=(0.000,0.000,-1.000) sign=+1 target_dir=(0.499,-0.106,0.860) curr_fwd=(-0.094,0.409,0.908) swing_mix=0.300 base_order=r*rest base_dot=0.691 base_hpr=LVecBase3f(127.64655, 10.960335, -157.5998) swing_hpr=LVecBase3f(-4.3400163, 7.9686017, 10.23732) target_hpr=LVecBase3f(134.68959, 5.1613054, -148.655) smoothed_hpr=LVector3f(131.33468, 17.343811, 155.77665)
[debug][Left][frame 23] fallback bone=L_ThumbProximal from(sign=+1,order=r*rest,dot=-0.813) to(sign=-1,order=rest*r,dot=0.957)
[debug][Left][frame 23] fallback bone=L_ThumbDistal from(sign=+1,order=r*rest,dot=-0.838) to(sign=-1,order=r*rest,dot=0.838)
[debug][Left][frame 23] fallback bone=L_IndexMetacarpal from(sign=+1,order=r*rest,dot=-0.889) to(sign=-1,order=r*rest,dot=0.889)
[debug][Left][frame 23] fallback bone=L_IndexProximal from(sign=-1,order=r*rest,dot=-0.905) to(sign=+1,order=rest*r,dot=0.986)
[debug][Left][frame 23] fallback bone=L_IndexIntermediate from(sign=+1,order=rest*r,dot=-0.852) to(sign=-1,order=rest*r,dot=0.852)
[debug][Left][frame 23] bone=L_IndexIntermediate alpha=0.220 local_fwd=(0.000,0.000,-1.000) sign=-1 target_dir=(-0.879,-0.194,-0.436) curr_fwd=(-0.655,0.207,-0.727) swing_mix=1.000 base_order=rest*r base_dot=0.852 base_hpr=LVecBase3f(64.82641, 43.13053, -174.78302) swing_hpr=LVecBase3f(21.01317, -9.919446, 23.44265) target_hpr=LVecBase3f(32.282184, 46.92117, -129.83775) smoothed_hpr=LVector3f(53.70122, 50.440105, 150.87773)
[debug][Left][frame 23] fallback bone=L_IndexDistal from(sign=+1,order=rest*r,dot=-0.842) to(sign=-1,order=rest*r,dot=0.842)
[debug][Left][frame 23] bone=L_IndexDistal alpha=0.220 local_fwd=(0.000,0.000,-1.000) sign=-1 target_dir=(-0.489,-0.035,-0.871) curr_fwd=(-0.820,0.247,-0.515) swing_mix=1.000 base_order=rest*r base_dot=0.842 base_hpr=LVecBase3f(60.190784, 58.31475, -168.8655) swing_hpr=LVecBase3f(5.4300074, -15.747032, -27.46292) target_hpr=LVecBase3f(34.26581, 71.07812, -173.42706) smoothed_hpr=LVector3f(-1.703063, 67.60772, 58.18466)
[debug][Left][frame 23] fallback bone=L_MiddleMetacarpal from(sign=+1,order=r*rest,dot=-0.942) to(sign=-1,order=r*rest,dot=0.942)
[debug][Left][frame 23] fallback bone=L_MiddleIntermediate from(sign=+1,order=r*rest,dot=-0.812) to(sign=-1,order=rest*r,dot=0.971)
[debug][Left][frame 23] fallback bone=L_MiddleDistal from(sign=+1,order=rest*r,dot=-0.799) to(sign=-1,order=r*rest,dot=0.844)
[debug][Left][frame 23] fallback bone=L_RingMetacarpal from(sign=+1,order=r*rest,dot=-0.971) to(sign=-1,order=r*rest,dot=0.971)
[debug][Left][frame 23] fallback bone=L_RingIntermediate from(sign=+1,order=r*rest,dot=-0.842) to(sign=-1,order=rest*r,dot=0.924)
[debug][Left][frame 23] fallback bone=L_RingDistal from(sign=+1,order=r*rest,dot=-0.858) to(sign=-1,order=rest*r,dot=0.945)
[debug][Left][frame 23] fallback bone=L_LittleMetacarpal from(sign=+1,order=rest*r,dot=-0.206) to(sign=-1,order=rest*r,dot=0.206)
[debug][Left][frame 23] bone=L_LittleMetacarpal alpha=0.220 local_fwd=(-1.000,0.000,0.000) sign=-1 target_dir=(0.714,-0.237,0.659) curr_fwd=(0.048,-0.994,-0.098) swing_mix=0.010 base_order=rest*r base_dot=0.206 base_hpr=LVecBase3f(101.04313, 55.57363, 170.02473) swing_hpr=LVecBase3f(0.38931706, -0.37869694, -0.05552304) target_hpr=LVecBase3f(100.47458, 56.012737, 170.43812) smoothed_hpr=LVector3f(-257.97052, 47.453536, 125.780364)
[debug][Left][frame 23] fallback bone=L_LittleIntermediate from(sign=+1,order=r*rest,dot=-0.741) to(sign=-1,order=rest*r,dot=0.883)
[debug][Left][frame 23] fallback bone=L_LittleDistal from(sign=+1,order=r*rest,dot=-0.838) to(sign=-1,order=rest*r,dot=0.945)
[debug][frame 24] hands=1 types=['Left']
[debug][Left][frame 24] root=(-0.1383,-0.0000,-0.2919) palm_up=(0.5140,-0.0365,0.8570) palm_n=(0.9706,-0.2167,-0.1048) r_hand_hpr=LVecBase3f(56.141284, 54.15749, -150.80861)
[debug][Left][frame 24] fallback bone=L_Wrist from(sign=+1,order=r*rest,dot=-0.643) to(sign=-1,order=r*rest,dot=0.643)
[debug][Left][frame 24] bone=L_ThumbMetacarpal alpha=0.220 local_fwd=(0.000,0.000,-1.000) sign=+1 target_dir=(0.448,-0.097,0.889) curr_fwd=(-0.316,0.568,0.760) swing_mix=0.300 base_order=r*rest base_dot=0.478 base_hpr=LVecBase3f(127.935523, 7.4942793, -140.01991) swing_hpr=LVecBase3f(-5.6843247, 10.8461484, 12.863091) target_hpr=LVecBase3f(139.21866, 2.6639487, -128.69992) smoothed_hpr=LVector3f(133.06915, 14.114242, 172.39181)
[debug][Left][frame 24] fallback bone=L_ThumbProximal from(sign=+1,order=r*rest,dot=-0.918) to(sign=-1,order=rest*r,dot=0.925)
[debug][Left][frame 24] fallback bone=L_ThumbDistal from(sign=+1,order=r*rest,dot=-0.781) to(sign=-1,order=r*rest,dot=0.781)
[debug][Left][frame 24] fallback bone=L_IndexMetacarpal from(sign=+1,order=r*rest,dot=-0.849) to(sign=-1,order=r*rest,dot=0.849)
[debug][Left][frame 24] fallback bone=L_IndexProximal from(sign=-1,order=r*rest,dot=-0.925) to(sign=+1,order=rest*r,dot=0.975)
[debug][Left][frame 24] fallback bone=L_IndexIntermediate from(sign=+1,order=rest*r,dot=-0.928) to(sign=-1,order=r*rest,dot=0.959)
[debug][Left][frame 24] bone=L_IndexIntermediate alpha=0.220 local_fwd=(0.000,0.000,-1.000) sign=-1 target_dir=(-0.916,-0.099,-0.389) curr_fwd=(-0.859,0.166,-0.484) swing_mix=1.000 base_order=r*rest base_dot=0.959 base_hpr=LVecBase3f(74.55597, 60.967472, -176.0669) swing_hpr=LVecBase3f(14.186868, -5.7032265, 7.1198496) target_hpr=LVecBase3f(42.287105, 62.06483, -141.12367) smoothed_hpr=LVector3f(51.190116, 52.997543, 165.83741)
[debug][Left][frame 24] fallback bone=L_IndexDistal from(sign=+1,order=rest*r,dot=-0.837) to(sign=-1,order=rest*r,dot=0.837)
[debug][Left][frame 24] bone=L_IndexDistal alpha=0.220 local_fwd=(0.000,0.000,-1.000) sign=-1 target_dir=(-0.461,-0.000,-0.887) curr_fwd=(-0.869,-0.058,-0.491) swing_mix=1.000 base_order=rest*r base_dot=0.837 base_hpr=LVecBase3f(58.682022, 55.389827, -149.89528) swing_hpr=LVecBase3f(-0.6524806, 3.4186367, -33.0213) target_hpr=LVecBase3f(62.442333, 52.69826, 174.01887) smoothed_hpr=LVector3f(12.408924, 64.32764, 83.66819)
[debug][Left][frame 24] fallback bone=L_MiddleMetacarpal from(sign=+1,order=r*rest,dot=-0.920) to(sign=-1,order=r*rest,dot=0.920)
[debug][Left][frame 24] fallback bone=L_MiddleIntermediate from(sign=+1,order=r*rest,dot=-0.978) to(sign=-1,order=r*rest,dot=0.978)
[debug][Left][frame 24] fallback bone=L_MiddleDistal from(sign=+1,order=rest*r,dot=-0.783) to(sign=-1,order=r*rest,dot=0.821)
[debug][Left][frame 24] fallback bone=L_RingMetacarpal from(sign=+1,order=r*rest,dot=-0.955) to(sign=-1,order=r*rest,dot=0.955)
[debug][Left][frame 24] fallback bone=L_RingIntermediate from(sign=+1,order=r*rest,dot=-0.981) to(sign=-1,order=r*rest,dot=0.981)
[debug][Left][frame 24] fallback bone=L_RingDistal from(sign=+1,order=r*rest,dot=-0.855) to(sign=-1,order=rest*r,dot=0.897)
[debug][Left][frame 24] fallback bone=L_LittleMetacarpal from(sign=+1,order=rest*r,dot=-0.477) to(sign=-1,order=rest*r,dot=0.477)
[debug][Left][frame 24] bone=L_LittleMetacarpal alpha=0.220 local_fwd=(-1.000,0.000,0.000) sign=-1 target_dir=(0.770,-0.217,0.600) curr_fwd=(0.294,-0.953,0.072) swing_mix=0.300 base_order=rest*r base_dot=0.477 base_hpr=LVecBase3f(99.91218, 60.238376, -171.6747) swing_hpr=LVecBase3f(13.181266, -11.160417, -1.1153487) target_hpr=LVecBase3f(63.33161, 65.26198, -141.30314) smoothed_hpr=LVector3f(-266.48403, 51.371395, 146.22198)
[debug][Left][frame 24] fallback bone=L_LittleIntermediate from(sign=+1,order=r*rest,dot=-0.936) to(sign=-1,order=r*rest,dot=0.936)
[debug][Left][frame 24] fallback bone=L_LittleDistal from(sign=+1,order=r*rest,dot=-0.847) to(sign=-1,order=rest*r,dot=0.903)
[debug][frame 25] hands=1 types=['Left']
[debug][Left][frame 25] root=(-0.1398,-0.0000,-0.3053) palm_up=(0.5436,-0.0745,0.8361) palm_n=(0.9964,0.0584,-0.0612) r_hand_hpr=LVecBase3f(55.765754, 51.15917, -131.5795)
[debug][Left][frame 25] fallback bone=L_Wrist from(sign=+1,order=r*rest,dot=-0.869) to(sign=-1,order=r*rest,dot=0.869)
[debug][Left][frame 25] bone=L_ThumbMetacarpal alpha=0.220 local_fwd=(0.000,0.000,-1.000) sign=+1 target_dir=(0.408,-0.090,0.908) curr_fwd=(-0.498,0.697,0.515) swing_mix=0.003 base_order=r*rest base_dot=0.202 base_hpr=LVecBase3f(128.26608, 4.50535, -121.12405) swing_hpr=LVecBase3f(-0.037891056, 0.10722946, 0.104620024) target_hpr=LVecBase3f(128.37779, 4.4823536, -121.02822) smoothed_hpr=LVector3f(132.03705, 11.995226, 187.03941)
[debug][Left][frame 25] fallback bone=L_ThumbProximal from(sign=+1,order=r*rest,dot=-0.947) to(sign=-1,order=r*rest,dot=0.947)
[debug][Left][frame 25] fallback bone=L_ThumbDistal from(sign=+1,order=r*rest,dot=-0.657) to(sign=-1,order=r*rest,dot=0.657)
[debug][Left][frame 25] fallback bone=L_IndexMetacarpal from(sign=+1,order=r*rest,dot=-0.688) to(sign=-1,order=r*rest,dot=0.688)
[debug][Left][frame 25] fallback bone=L_IndexProximal from(sign=-1,order=r*rest,dot=-0.861) to(sign=+1,order=rest*r,dot=0.875)
[debug][Left][frame 25] fallback bone=L_IndexIntermediate from(sign=+1,order=rest*r,dot=-0.870) to(sign=-1,order=r*rest,dot=0.982)
[debug][Left][frame 25] bone=L_IndexIntermediate alpha=0.220 local_fwd=(0.000,0.000,-1.000) sign=-1 target_dir=(-0.934,-0.039,-0.354) curr_fwd=(-0.865,-0.165,-0.475) swing_mix=1.000 base_order=r*rest base_dot=0.982 base_hpr=LVecBase3f(71.71434, 58.32483, -154.68358) swing_hpr=LVecBase3f(-7.047, 1.7995709, 8.025219) target_hpr=LVecBase3f(85.66129, 58.961513, -158.69519) smoothed_hpr=LVector3f(58.773777, 54.309616, 173.64024)
[debug][Left][frame 25] fallback bone=L_IndexDistal from(sign=+1,order=rest*r,dot=-0.715) to(sign=-1,order=r*rest,dot=0.716)
[debug][Left][frame 25] bone=L_IndexDistal alpha=0.220 local_fwd=(0.000,0.000,-1.000) sign=-1 target_dir=(-0.445,0.020,-0.895) curr_fwd=(-0.879,-0.302,-0.369) swing_mix=0.860 base_order=r*rest base_dot=0.716 base_hpr=LVecBase3f(51.225204, 53.35653, -128.2207) swing_hpr=LVecBase3f(-3.5032253, 16.811367, -34.03474) target_hpr=LVecBase3f(72.486663, 43.414272, -178.8091) smoothed_hpr=LVector3f(25.626026, 59.726696, 105.123184)
[debug][Left][frame 25] fallback bone=L_MiddleMetacarpal from(sign=+1,order=r*rest,dot=-0.781) to(sign=-1,order=r*rest,dot=0.781)
[debug][Left][frame 25] fallback bone=L_MiddleIntermediate from(sign=+1,order=r*rest,dot=-0.977) to(sign=-1,order=r*rest,dot=0.977)
[debug][Left][frame 25] fallback bone=L_MiddleDistal from(sign=+1,order=rest*r,dot=-0.657) to(sign=-1,order=r*rest,dot=0.686)
[debug][Left][frame 25] fallback bone=L_RingMetacarpal from(sign=+1,order=r*rest,dot=-0.830) to(sign=-1,order=r*rest,dot=0.830)
[debug][Left][frame 25] fallback bone=L_RingIntermediate from(sign=+1,order=r*rest,dot=-0.958) to(sign=-1,order=r*rest,dot=0.958)
[debug][Left][frame 25] fallback bone=L_RingDistal from(sign=+1,order=r*rest,dot=-0.748) to(sign=-1,order=r*rest,dot=0.748)
[debug][Left][frame 25] fallback bone=L_LittleMetacarpal from(sign=+1,order=rest*r,dot=-0.720) to(sign=-1,order=rest*r,dot=0.720)
[debug][Left][frame 25] bone=L_LittleMetacarpal alpha=0.220 local_fwd=(-1.000,0.000,0.000) sign=-1 target_dir=(0.808,-0.203,0.554) curr_fwd=(0.537,-0.815,0.218) swing_mix=0.300 base_order=rest*r base_dot=0.720 base_hpr=LVecBase3f(93.634414, 65.70928, -147.91853) swing_hpr=LVecBase3f(10.043461, -7.6622776, -1.5626565) target_hpr=LVecBase3f(64.014915, 63.922355, -123.240905) smoothed_hpr=LVector3f(-272.97427, 54.132606, 166.14015)
[debug][Left][frame 25] fallback bone=L_LittleIntermediate from(sign=+1,order=r*rest,dot=-0.980) to(sign=-1,order=r*rest,dot=0.980)
[debug][Left][frame 25] fallback bone=L_LittleDistal from(sign=+1,order=r*rest,dot=-0.762) to(sign=-1,order=rest*r,dot=0.773)
[debug][frame 0] hands=0 types=[]
[debug][frame 1] hands=0 types=[]
[debug][frame 2] hands=0 types=[]
[debug][frame 3] hands=0 types=[]
[debug][frame 4] hands=0 types=[]
[debug][frame 5] hands=0 types=[]
[debug][frame 6] hands=0 types=[]
